2025-11-24 10:02:36 | Admin: Annie Shruthi (ID: 6) | Page: dashboard.php
2025-11-24 10:05:21 | Admin: Madiha S (ID: 7) | Page: dashboard.php
2025-11-24 10:05:53 | Admin: Madiha S (ID: 7) | Page: dashboard.php
2025-11-24 10:07:09 | Admin: Madiha S (ID: 7) | Page: dashboard.php
2025-11-24 10:10:07 | Admin: Annie Shruthi (ID: 6) | Page: dashboard.php
2025-11-24 10:13:22 | Admin: Madiha S (ID: 7) | Page: dashboard.php
2025-11-24 10:13:26 | Admin: Annie Shruthi (ID: 6) | Page: dashboard.php
2025-11-24 10:14:27 | Admin: Annie Shruthi (ID: 6) | Page: dashboard.php
2025-11-24 10:14:36 | Admin: Annie Shruthi (ID: 6) | Page: dashboard.php
2025-11-24 10:24:55 | Admin: Madiha S (ID: 7) | Page: dashboard.php
2025-11-24 11:37:25 | Admin: Kaunain Kauser (ID: 9) | Page: dashboard.php
2025-11-24 11:47:52 | Admin: Madiha S (ID: 7) | Page: dashboard.php
2025-11-24 11:51:08 | Admin: Annie Shruthi (ID: 6) | Page: dashboard.php
2025-11-24 10:15:10 | Admin: Annie Shruthi (ID: 6) | Page: enrolled_students.php
2025-11-24 23:35:41 | Admin: Madiha S (ID: 7) | Page: dashboard.php
2025-11-25 08:41:38 | Admin: Annie Shruthi (ID: 6) | Page: dashboard.php
2025-11-25 14:03:25 | Admin: Annie Shruthi (ID: 6) | Page: dashboard.php
2025-11-25 09:33:40 | Admin: Annie Shruthi (ID: 6) | Page: enrolled_students.php
2025-11-25 10:25:12 | Admin: Annie Shruthi (ID: 6) | Page: enrolled_students.php
2025-11-25 10:25:15 | Admin: Annie Shruthi (ID: 6) | Page: enrolled_students.php
2025-11-25 14:55:28 | Admin: Annie Shruthi (ID: 6) | Page: dashboard.php
2025-11-25 14:55:35 | Admin: Annie Shruthi (ID: 6) | Page: dashboard.php
2025-11-25 10:25:42 | Admin: Annie Shruthi (ID: 6) | Page: enrolled_students.php
2025-11-25 10:25:42 | Admin: Annie Shruthi (ID: 6) | Page: enrolled_students.php
2025-11-25 14:56:26 | Admin: Annie Shruthi (ID: 6) | Page: dashboard.php
2025-11-25 14:56:33 | Admin: Annie Shruthi (ID: 6) | Page: dashboard.php
2025-11-25 14:56:39 | Admin: Annie Shruthi (ID: 6) | Page: dashboard.php
2025-11-25 10:27:23 | Admin: Annie Shruthi (ID: 6) | Page: enrolled_students.php
2025-11-25 15:21:47 | Admin: Annie Shruthi (ID: 6) | Page: dashboard.php
2025-11-25 15:21:54 | Admin: Annie Shruthi (ID: 6) | Page: dashboard.php
2025-11-25 15:37:07 | Admin: Annie Shruthi (ID: 6) | Page: dashboard.php
2025-11-25 16:14:03 | Admin: Madiha S (ID: 7) | Page: dashboard.php
2025-11-25 14:48:50 | Admin: Madiha S (ID: 7) | Page: enrolled_students.php
2025-11-25 19:18:53 | Admin: Madiha S (ID: 7) | Page: dashboard.php
2025-11-25 19:19:00 | Admin: Madiha S (ID: 7) | Page: dashboard.php
2025-11-25 19:19:07 | Admin: Madiha S (ID: 7) | Page: dashboard.php
2025-11-25 19:19:13 | Admin: Madiha S (ID: 7) | Page: dashboard.php
2025-11-25 19:19:20 | Admin: Madiha S (ID: 7) | Page: dashboard.php
2025-11-25 19:19:27 | Admin: Madiha S (ID: 7) | Page: dashboard.php
2025-11-25 19:19:34 | Admin: Madiha S (ID: 7) | Page: dashboard.php
2025-11-25 14:49:41 | Admin: Madiha S (ID: 7) | Page: enrolled_students.php
2025-11-25 19:19:46 | Admin: Madiha S (ID: 7) | Page: dashboard.php
2025-11-25 19:19:53 | Admin: Madiha S (ID: 7) | Page: dashboard.php
2025-11-25 14:50:11 | Admin: Madiha S (ID: 7) | Page: enrolled_students.php
2025-11-25 19:15:11 | Admin: Madiha S (ID: 7) | Page: enrolled_students.php
2025-11-25 23:45:28 | Admin: Madiha S (ID: 7) | Page: dashboard.php
2025-11-25 23:45:35 | Admin: Madiha S (ID: 7) | Page: dashboard.php
2025-11-25 23:45:42 | Admin: Madiha S (ID: 7) | Page: dashboard.php
2025-11-25 23:45:48 | Admin: Madiha S (ID: 7) | Page: dashboard.php
2025-11-25 23:45:55 | Admin: Madiha S (ID: 7) | Page: dashboard.php
2025-11-25 23:46:02 | Admin: Madiha S (ID: 7) | Page: dashboard.php
2025-11-25 23:46:08 | Admin: Madiha S (ID: 7) | Page: dashboard.php
2025-11-25 23:46:15 | Admin: Madiha S (ID: 7) | Page: dashboard.php
2025-11-25 23:46:22 | Admin: Madiha S (ID: 7) | Page: dashboard.php
2025-11-25 19:16:28 | Admin: Madiha S (ID: 7) | Page: enrolled_students.php
2025-11-25 19:16:28 | Admin: Madiha S (ID: 7) | Page: enrolled_students.php
2025-11-25 23:46:28 | Admin: Madiha S (ID: 7) | Page: dashboard.php
2025-11-25 23:46:35 | Admin: Madiha S (ID: 7) | Page: dashboard.php
2025-11-25 23:46:42 | Admin: Madiha S (ID: 7) | Page: dashboard.php
2025-11-25 23:46:49 | Admin: Madiha S (ID: 7) | Page: dashboard.php
2025-11-26 09:51:00 | Admin: Annie Shruthi (ID: 6) | Page: dashboard.php
2025-11-26 10:31:10 | Admin: Annie Shruthi (ID: 6) | Page: dashboard.php
2025-11-26 06:02:20 | Admin: Annie Shruthi (ID: 6) | Page: add_drive.php
2025-11-26 06:11:05 | Admin: Annie Shruthi (ID: 6) | Page: add_drive.php
2025-11-26 10:41:09 | Admin: Annie Shruthi (ID: 6) | Page: dashboard.php
2025-11-26 10:41:17 | Admin: Annie Shruthi (ID: 6) | Page: dashboard.php
2025-11-26 10:41:24 | Admin: Annie Shruthi (ID: 6) | Page: dashboard.php
2025-11-26 10:42:02 | Admin: Annie Shruthi (ID: 6) | Page: dashboard.php
2025-11-26 12:44:35 | Admin: Annie Shruthi (ID: 6) | Page: dashboard.php
2025-11-26 15:37:43 | Admin: Annie Shruthi (ID: 6) | Page: dashboard.php
2025-11-26 11:07:55 | Admin: Annie Shruthi (ID: 6) | Page: add_drive.php
2025-11-26 11:23:12 | Admin: Annie Shruthi (ID: 6) | Page: add_drive.php
2025-11-26 15:53:20 | Admin: Annie Shruthi (ID: 6) | Page: dashboard.php
2025-11-26 16:07:20 | Admin: Annie Shruthi (ID: 6) | Page: dashboard.php
2025-11-26 11:53:42 | Admin: Annie Shruthi (ID: 6) | Page: enrolled_students.php
2025-11-26 18:27:18 | Admin: Madiha S (ID: 7) | Page: on_off_campus.php
2025-11-27 09:11:48 | Admin: Annie Shruthi (ID: 6) | Page: dashboard.php
2025-11-27 09:50:24 | Admin: Annie Shruthi (ID: 6) | Page: dashboard.php
2025-11-27 09:51:24 | Admin: Annie Shruthi (ID: 6) | Page: dashboard.php
2025-11-27 09:53:44 | Admin: Annie Shruthi (ID: 6) | Page: dashboard.php
2025-11-27 05:24:02 | Admin: Annie Shruthi (ID: 6) | Page: add_drive.php
2025-11-27 05:24:15 | Admin: Annie Shruthi (ID: 6) | Page: enrolled_students.php
2025-11-27 09:55:55 | Admin: Annie Shruthi (ID: 6) | Page: dashboard.php
2025-11-27 05:36:53 | Admin: Annie Shruthi (ID: 6) | Page: registered_students.php
2025-11-27 10:14:10 | Admin: Annie Shruthi (ID: 6) | Page: dashboard.php
2025-11-27 10:14:44 | Admin: Annie Shruthi (ID: 6) | Page: dashboard.php
2025-11-27 05:46:39 | Admin: Annie Shruthi (ID: 6) | Page: add_drive.php
2025-11-27 05:48:23 | Admin: Annie Shruthi (ID: 6) | Page: add_drive.php
2025-11-27 10:18:27 | Admin: Annie Shruthi (ID: 6) | Page: dashboard.php
2025-11-27 10:18:42 | Admin: Annie Shruthi (ID: 6) | Page: dashboard.php
2025-11-27 05:49:04 | Admin: Annie Shruthi (ID: 6) | Page: enrolled_students.php
2025-11-27 05:49:08 | Admin: Annie Shruthi (ID: 6) | Page: enrolled_students.php
2025-11-27 05:49:11 | Admin: Annie Shruthi (ID: 6) | Page: enrolled_students.php
2025-11-27 05:49:52 | Admin: Annie Shruthi (ID: 6) | Page: enrolled_students.php
2025-11-27 05:50:42 | Admin: Annie Shruthi (ID: 6) | Page: enrolled_students.php
2025-11-27 05:52:00 | Admin: Annie Shruthi (ID: 6) | Page: enrolled_students.php
2025-11-27 07:25:47 | Admin: Annie Shruthi (ID: 6) | Page: enrolled_students.php
2025-11-27 12:32:52 | Admin: Annie Shruthi (ID: 6) | Page: dashboard.php
2025-11-27 12:32:59 | Admin: Annie Shruthi (ID: 6) | Page: dashboard.php
2025-11-27 08:03:42 | Admin: Annie Shruthi (ID: 6) | Page: enrolled_students.php
2025-11-27 12:33:45 | Admin: Annie Shruthi (ID: 6) | Page: dashboard.php
2025-11-27 12:33:51 | Admin: Annie Shruthi (ID: 6) | Page: dashboard.php
2025-11-27 12:36:27 | Admin: Annie Shruthi (ID: 6) | Page: dashboard.php
2025-11-27 12:38:37 | Admin: Madiha S (ID: 7) | Page: dashboard.php
2025-11-27 12:38:44 | Admin: Madiha S (ID: 7) | Page: dashboard.php
2025-11-27 08:08:57 | Admin: Madiha S (ID: 7) | Page: registered_students.php
2025-11-27 13:45:53 | Admin: Annie Shruthi (ID: 6) | Page: dashboard.php
2025-11-27 13:46:44 | Admin: Annie Shruthi (ID: 6) | Page: dashboard.php
2025-11-27 12:51:15 | Admin: Kaunain Kauser (ID: 9) | Page: course_specific_drive_data.php
2025-11-27 19:22:53 | Admin: Madiha S (ID: 7) | Page: dashboard.php
2025-11-27 19:26:02 | Admin: Madiha S (ID: 7) | Page: dashboard.php
2025-11-27 19:26:11 | Admin: Madiha S (ID: 7) | Page: dashboard.php
2025-11-27 19:26:18 | Admin: Madiha S (ID: 7) | Page: dashboard.php
2025-11-27 19:26:24 | Admin: Madiha S (ID: 7) | Page: dashboard.php
2025-11-27 19:26:31 | Admin: Madiha S (ID: 7) | Page: dashboard.php
2025-11-27 19:26:38 | Admin: Madiha S (ID: 7) | Page: dashboard.php
2025-11-27 19:26:44 | Admin: Madiha S (ID: 7) | Page: dashboard.php
2025-11-27 19:26:51 | Admin: Madiha S (ID: 7) | Page: dashboard.php
2025-11-27 19:26:58 | Admin: Madiha S (ID: 7) | Page: dashboard.php
2025-11-27 19:27:05 | Admin: Madiha S (ID: 7) | Page: dashboard.php
2025-11-27 19:27:12 | Admin: Madiha S (ID: 7) | Page: dashboard.php
2025-11-27 19:27:19 | Admin: Madiha S (ID: 7) | Page: dashboard.php
2025-11-27 19:27:26 | Admin: Madiha S (ID: 7) | Page: dashboard.php
2025-11-27 14:57:52 | Admin: Madiha S (ID: 7) | Page: enrolled_students.php
2025-11-27 14:59:08 | Admin: Madiha S (ID: 7) | Page: enrolled_students.php
2025-11-27 14:59:12 | Admin: Madiha S (ID: 7) | Page: placed_students.php
2025-11-27 19:32:24 | Admin: Madiha S (ID: 7) | Page: dashboard.php
2025-11-27 19:32:31 | Admin: Madiha S (ID: 7) | Page: dashboard.php
2025-11-27 15:02:38 | Admin: Madiha S (ID: 7) | Page: placed_students.php
2025-11-27 19:32:38 | Admin: Madiha S (ID: 7) | Page: dashboard.php
2025-11-27 19:32:45 | Admin: Madiha S (ID: 7) | Page: dashboard.php
2025-11-27 19:32:52 | Admin: Madiha S (ID: 7) | Page: dashboard.php
2025-11-27 15:03:14 | Admin: Madiha S (ID: 7) | Page: enrolled_students.php
2025-11-27 15:03:23 | Admin: Madiha S (ID: 7) | Page: enrolled_students.php
2025-11-27 15:03:37 | Admin: Madiha S (ID: 7) | Page: enrolled_students.php
2025-11-27 15:03:48 | Admin: Madiha S (ID: 7) | Page: enrolled_students.php
2025-11-27 15:03:52 | Admin: Madiha S (ID: 7) | Page: enrolled_students.php
2025-11-27 19:33:55 | Admin: Madiha S (ID: 7) | Page: dashboard.php
2025-11-27 19:34:02 | Admin: Madiha S (ID: 7) | Page: dashboard.php
2025-11-27 19:34:10 | Admin: Madiha S (ID: 7) | Page: dashboard.php
2025-11-27 15:04:18 | Admin: Madiha S (ID: 7) | Page: enrolled_students.php
2025-11-27 15:04:18 | Admin: Madiha S (ID: 7) | Page: enrolled_students.php
2025-11-27 19:34:22 | Admin: Madiha S (ID: 7) | Page: dashboard.php
2025-11-27 15:04:40 | Admin: Madiha S (ID: 7) | Page: enrolled_students.php
2025-11-27 15:04:52 | Admin: Madiha S (ID: 7) | Page: enrolled_students.php
2025-11-27 15:05:02 | Admin: Madiha S (ID: 7) | Page: enrolled_students.php
2025-11-27 15:05:06 | Admin: Madiha S (ID: 7) | Page: placed_students.php
2025-11-28 08:58:57 | Admin: Annie Shruthi (ID: 6) | Page: dashboard.php
2025-11-28 09:13:58 | Admin: Annie Shruthi (ID: 6) | Page: dashboard.php
2025-11-28 10:22:13 | Admin: Annie Shruthi (ID: 6) | Page: dashboard.php
2025-11-28 06:01:10 | Admin: Annie Shruthi (ID: 6) | Page: add_drive.php
2025-11-28 06:25:00 | Admin: Annie Shruthi (ID: 6) | Page: add_drive.php
2025-11-28 10:55:08 | Admin: Annie Shruthi (ID: 6) | Page: dashboard.php
2025-11-28 08:22:41 | Admin: Madiha S (ID: 7) | Page: registered_students.php
2025-11-28 08:27:32 | Admin: Madiha S (ID: 7) | Page: on_off_campus.php
2025-11-28 08:28:36 | Admin: Madiha S (ID: 7) | Page: enrolled_students.php
2025-11-28 14:57:35 | Admin: Annie Shruthi (ID: 6) | Page: dashboard.php
2025-11-28 10:28:20 | Admin: Annie Shruthi (ID: 6) | Page: enrolled_students.php
2025-11-28 14:58:24 | Admin: Annie Shruthi (ID: 6) | Page: dashboard.php
2025-11-28 14:58:32 | Admin: Annie Shruthi (ID: 6) | Page: dashboard.php
2025-11-28 14:58:41 | Admin: Annie Shruthi (ID: 6) | Page: dashboard.php
2025-11-29 09:43:08 | Admin: Annie Shruthi (ID: 6) | Page: dashboard.php
2025-11-29 09:55:25 | Admin: Annie Shruthi (ID: 6) | Page: dashboard.php
2025-11-29 10:09:18 | Admin: Annie Shruthi (ID: 6) | Page: dashboard.php
2025-11-29 05:44:11 | Admin: Annie Shruthi (ID: 6) | Page: enrolled_students.php
2025-11-29 10:58:53 | Admin: Annie Shruthi (ID: 6) | Page: dashboard.php
2025-11-29 06:31:26 | Admin: Annie Shruthi (ID: 6) | Page: add_drive.php
2025-11-29 06:44:44 | Admin: Annie Shruthi (ID: 6) | Page: add_drive.php
2025-11-29 11:14:50 | Admin: Annie Shruthi (ID: 6) | Page: dashboard.php
2025-12-01 09:00:44 | Admin: Annie Shruthi (ID: 6) | Page: dashboard.php
2025-12-01 10:13:04 | Admin: Annie Shruthi (ID: 6) | Page: dashboard.php
2025-12-01 06:43:42 | Admin: Annie Shruthi (ID: 6) | Page: enrolled_students.php
2025-12-01 16:34:19 | Admin: Annie Shruthi (ID: 6) | Page: dashboard.php
2025-12-01 12:04:51 | Admin: Annie Shruthi (ID: 6) | Page: enrolled_students.php
2025-12-02 08:53:29 | Admin: Annie Shruthi (ID: 6) | Page: dashboard.php
2025-12-02 09:24:40 | Admin: Annie Shruthi (ID: 6) | Page: dashboard.php
2025-12-02 05:01:18 | Admin: Annie Shruthi (ID: 6) | Page: enrolled_students.php
2025-12-02 09:41:57 | Admin: Annie Shruthi (ID: 6) | Page: dashboard.php
2025-12-02 05:12:07 | Admin: Annie Shruthi (ID: 6) | Page: enrolled_students.php
2025-12-02 09:42:07 | Admin: Annie Shruthi (ID: 6) | Page: dashboard.php
2025-12-02 09:42:21 | Admin: Annie Shruthi (ID: 6) | Page: dashboard.php
2025-12-02 05:30:04 | Admin: Annie Shruthi (ID: 6) | Page: enrolled_students.php
2025-12-02 10:35:59 | Admin: Annie Shruthi (ID: 6) | Page: dashboard.php
2025-12-02 06:06:18 | Admin: Annie Shruthi (ID: 6) | Page: add_drive.php
2025-12-02 07:11:15 | Admin: Annie Shruthi (ID: 6) | Page: add_drive.php
2025-12-02 11:41:17 | Admin: Annie Shruthi (ID: 6) | Page: dashboard.php
2025-12-02 07:22:46 | Admin: Annie Shruthi (ID: 6) | Page: registered_students.php
2025-12-02 11:57:37 | Admin: Annie Shruthi (ID: 6) | Page: dashboard.php
2025-12-02 07:38:17 | Admin: Annie Shruthi (ID: 6) | Page: course_specific_drive_data.php
2025-12-03 08:41:30 | Admin: Annie Shruthi (ID: 6) | Page: dashboard.php
2025-12-03 10:09:43 | Admin: Annie Shruthi (ID: 6) | Page: dashboard.php
2025-12-03 14:33:32 | Admin: Madiha S (ID: 7) | Page: dashboard.php
2025-12-03 14:33:48 | Admin: Madiha S (ID: 7) | Page: dashboard.php
2025-12-03 14:34:49 | Admin: Madiha S (ID: 7) | Page: dashboard.php
2025-12-03 10:05:12 | Admin: Madiha S (ID: 7) | Page: course_specific_drive_data.php
2025-12-04 10:02:29 | Admin: Annie Shruthi (ID: 6) | Page: dashboard.php
